/projects/.colostate.edu/naly/software/anaconda/envs/bigfish_env/lib/python3.8/site-packages/bigfish/plot/plot_images.py:753: RuntimeWarning: More than 20 figures have been opened. Figures created through the pyplot interface (`matplotlib.pyplot.figure`) are retained until explicitly closed and may consume too much memory. (To control this warning, see the rcParam `figure.max_open_warning`). Consider using `matplotlib.pyplot.close()`.
  fig, ax = plt.subplots(1, 2, sharex='col', figsize=framesize)
/projects/naly@colostate.edu/bigfish/ce-bigfish/01_notebooks/01_Ce-bigIFSH.py:1897: UserWarning: Only one label was provided to `remove_small_objects`. Did you mean to use a boolean array?
  filtered_labels = morphology.remove_small_objects(labels, min_size=MIN_CELL_SIZE)
/projects/naly@colostate.edu/bigfish/ce-bigfish/01_notebooks/01_Ce-bigIFSH.py:2132: MatplotlibDeprecationWarning: The get_cmap function was deprecated in Matplotlib 3.7 and will be removed two minor releases later. Use ``matplotlib.colormaps[name]`` or ``matplotlib.colormaps.get_cmap(obj)`` instead.
  cmap = plt.cm.get_cmap('CMRmap').copy()
/projects/naly@colostate.edu/bigfish/ce-bigfish/01_notebooks/01_Ce-bigIFSH.py:2195: MatplotlibDeprecationWarning: The get_cmap function was deprecated in Matplotlib 3.7 and will be removed two minor releases later. Use ``matplotlib.colormaps[name]`` or ``matplotlib.colormaps.get_cmap(obj)`` instead.
  cmap_with_white = plt.cm.get_cmap(cmap).copy()
Processing folder: /pl/active/onishimura_lab/PROJECTS/naly/bigfish/01_RNAi_quantification/LP306_membrane/BMK-1_RNAi/231107_LP306_BMK-1_rep2/input/07
Output directory: /pl/active/onishimura_lab/PROJECTS/naly/bigfish/01_RNAi_quantification/LP306_membrane/BMK-1_RNAi/231107_LP306_BMK-1_rep2/output/07
Image types: dv=True, nd2=False, tiff=False
Channels: Cy5=set-3_mRNA, mCherry=erm-1_mRNA, FITC=PH-GFP, DAPI=DAPI, Brightfield=brightfield
Microscope info: Wavelengths (Cy5=670 nm, mCherry=610 nm), NA=1.42, Refractive Index=1.515
PSF parameters: spot_radius_ch0=(1409, 340, 340), spot_radius_ch1=(1283, 310, 310), voxel_size=(1448, 450, 450)
Feature selection: PSF=True, Segmentation=True, Spot Detection=True
Heatmaps: mRNA=True, Protein=True, RNA Density=False
Masks: Donut=True, P-Granule=True
Colocalization: Membrane=True, Nuclei=True, P-Granule=True, mRNA-mRNA=True
Lateral (xy) PSF for Cy5 channel: 287.8169014084507 nm
Axial (z) PSF for Cy5 channel with 60x oil objective: 1006.7942868478476 nm
Lateral (xy) PSF: 262.0422535211267 nm
Axial (z) PSF with 60x oil objective: 916.6336044435628 nm
Image ID: 231107_LP306_BMK-1_07 

Image colors 
231107_LP306_BMK-1_07_R3D.dv: (4, 62, 1024, 1024) 

Brightfield 
231107_LP306_BMK-1_07_R3D_REF.dv: (1024, 1024)
Image ID: 231107_LP306_BMK-1_07 

set-3_mRNA detection
 threshold: 78.0
 spots: 1614
 clusters: 0
Image ID: 231107_LP306_BMK-1_07 

erm-1_mRNA detection
 threshold: 90.0
 spots: 3087
 clusters: 0


set-3_mRNA spots detected (on membranes):
  Shape: (645, 3)
  Dtype: int64

set-3_mRNA spots detected (in cytosol):
  Shape: (969, 3)
  Dtype: int64
erm-1_mRNA spots detected (on membranes):
  Shape: (1555, 3)
  Dtype: int64

erm-1_mRNA spots detected (in cytosol):
  Shape: (1532, 3)
  Dtype: int64
set-3_mRNA spots detected (in nuclei):
  Shape: (212, 3)
  Dtype: int64

set-3_mRNA spots detected (in cytoplasm):
  Shape: (1402, 3)
  Dtype: int64
erm-1_mRNA spots detected (in nuclei):
  Shape: (234, 3)
  Dtype: int64

erm-1_mRNA spots detected (in cytoplasm):
  Shape: (2853, 3)
  Dtype: int64
set-3_mRNA spots detected (in p-granules):
  Shape: (0, 3)
  Dtype: int64

erm-1_mRNA spots detected (in p-granules):
  Shape: (0, 3)
  Dtype: int64

                Image ID  ...  erm-1_mRNA in pgranules
0  231107_LP306_BMK-1_07  ...                      0.0

[1 rows x 22 columns]
Total set-3_mRNA spots: 1614
Total erm-1_mRNA spots: 3087
Colocalized spots: 1
PDF report created: /pl/active/onishimura_lab/PROJECTS/naly/bigfish/01_RNAi_quantification/LP306_membrane/BMK-1_RNAi/231107_LP306_BMK-1_rep2/output/07/report.pdf
Combined CSV saved at /pl/active/onishimura_lab/PROJECTS/naly/bigfish/01_RNAi_quantification/LP306_membrane/BMK-1_RNAi/231107_LP306_BMK-1_rep2/output/combined_quantification.csv
