Processing folder: /pl/active/onishimura_lab/PROJECTS/naly/bigfish/01_RNAi_quantification/LP306_membrane/DHC-1_RNAi/220902_LP306_dhc-1_RNAi_rep1/input/16
Output directory: /pl/active/onishimura_lab/PROJECTS/naly/bigfish/01_RNAi_quantification/LP306_membrane/DHC-1_RNAi/220902_LP306_dhc-1_RNAi_rep1/output/16
Image types: dv=True, nd2=False, tiff=False
Channels: Cy5=set-3_mRNA, mCherry=erm-1_mRNA, FITC=PH-GFP, DAPI=DAPI, Brightfield=brightfield
Microscope info: Wavelengths (Cy5=670 nm, mCherry=610 nm), NA=1.42, Refractive Index=1.515
PSF parameters: spot_radius_ch0=(1409, 340, 340), spot_radius_ch1=(1283, 310, 310), voxel_size=(1448, 450, 450)
Feature selection: PSF=True, Segmentation=True, Spot Detection=True
Heatmaps: mRNA=True, Protein=True, RNA Density=False
Masks: Donut=True, P-Granule=True
Colocalization: Membrane=True, Nuclei=True, P-Granule=True, mRNA-mRNA=True
Lateral (xy) PSF for Cy5 channel: 287.8169014084507 nm
Axial (z) PSF for Cy5 channel with 60x oil objective: 1006.7942868478476 nm
Lateral (xy) PSF: 262.0422535211267 nm
Axial (z) PSF with 60x oil objective: 916.6336044435628 nm
Image ID: 220902_LP306_dhc-1_RNAi_16 

Image colors 
220902_LP306_dhc-1_RNAi_16_R3D.dv: (4, 41, 1024, 1024) 

Brightfield 
220902_LP306_dhc-1_RNAi_16_R3D_REF.dv: (1024, 1024)
Image ID: 220902_LP306_dhc-1_RNAi_16 

set-3_mRNA detection
 threshold: 38.0
 spots: 878
 clusters: 0
Image ID: 220902_LP306_dhc-1_RNAi_16 

erm-1_mRNA detection
 threshold: 77.0
 spots: 2370
 clusters: 0


Traceback (most recent call last):
  File "/projects/naly@colostate.edu/bigfish/ce-bigfish/01_notebooks/01_Ce-bigIFSH.py", line 1281, in <module>
    plot_rna_on_individual_layers(
  File "/projects/naly@colostate.edu/bigfish/ce-bigfish/01_notebooks/01_Ce-bigIFSH.py", line 1261, in plot_rna_on_individual_layers
    cbar = fig.colorbar(im, cax=cbar_ax)
UnboundLocalError: local variable 'im' referenced before assignment
Combined CSV saved at /pl/active/onishimura_lab/PROJECTS/naly/bigfish/01_RNAi_quantification/LP306_membrane/DHC-1_RNAi/220902_LP306_dhc-1_RNAi_rep1/output/combined_quantification.csv
