/projects/naly@colostate.edu/bigfish/ce-bigfish/01_notebooks/01_Ce-bigIFSH.py:562: UserWarning: Only one label was provided to `remove_small_objects`. Did you mean to use a boolean array?
  filtered_cyto = morphology.remove_small_objects(masks_cytosol_unfiltered, min_size=MIN_CELL_SIZE)
Processing folder: /pl/active/onishimura_lab/PROJECTS/naly/bigfish/01_RNAi_quantification/LP306_membrane/NMY-2_RNAi/240221_LP306_NMY-2_RNAi-rep3/input/03
Output directory: /pl/active/onishimura_lab/PROJECTS/naly/bigfish/01_RNAi_quantification/LP306_membrane/NMY-2_RNAi/240221_LP306_NMY-2_RNAi-rep3/output/03
Image types: dv=True, nd2=False, tiff=False
Channels: Cy5=set-3_mRNA, mCherry=erm-1_mRNA, FITC=PH-GFP, DAPI=DAPI, Brightfield=brightfield
Microscope info: Wavelengths (Cy5=670 nm, mCherry=610 nm), NA=1.42, Refractive Index=1.515
PSF parameters: spot_radius_ch0=(1409, 340, 340), spot_radius_ch1=(1283, 310, 310), voxel_size=(1448, 450, 450)
Feature selection: PSF=True, Segmentation=True, Spot Detection=True
Heatmaps: mRNA=True, Protein=True, RNA Density=False
Masks: Donut=True, P-Granule=True
Colocalization: Membrane=True, Nuclei=True, P-Granule=True, mRNA-mRNA=True
Lateral (xy) PSF for Cy5 channel: 287.8169014084507 nm
Axial (z) PSF for Cy5 channel with 60x oil objective: 1006.7942868478476 nm
Lateral (xy) PSF: 262.0422535211267 nm
Axial (z) PSF with 60x oil objective: 916.6336044435628 nm
Image ID: 240221_LP306_NMY-2_03 

Image colors 
240221_LP306_NMY-2_03_R3D.dv: (4, 86, 1024, 1024) 

Brightfield 
240221_LP306_NMY-2_03_R3D_REF.dv: (1024, 1024)
Image ID: 240221_LP306_NMY-2_03 

set-3_mRNA detection
 threshold: 86.0
 spots: 572
 clusters: 0
Image ID: 240221_LP306_NMY-2_03 

erm-1_mRNA detection
 threshold: 80.0
 spots: 2762
 clusters: 0


Traceback (most recent call last):
  File "/projects/naly@colostate.edu/bigfish/ce-bigfish/01_notebooks/01_Ce-bigIFSH.py", line 1280, in <module>
    plot_rna_on_individual_layers(
  File "/projects/naly@colostate.edu/bigfish/ce-bigfish/01_notebooks/01_Ce-bigIFSH.py", line 1260, in plot_rna_on_individual_layers
    cbar = fig.colorbar(im, cax=cbar_ax)
UnboundLocalError: local variable 'im' referenced before assignment
Combined CSV saved at /pl/active/onishimura_lab/PROJECTS/naly/bigfish/01_RNAi_quantification/LP306_membrane/NMY-2_RNAi/240221_LP306_NMY-2_RNAi-rep3/output/combined_quantification.csv
